<?xml version="1.0" encoding="UTF-8"?>
<testsuite xmlns:xsi="http://www.w3.org/2001/XMLSchema-instance" xsi:noNamespaceSchemaLocation="https://maven.apache.org/surefire/maven-surefire-plugin/xsd/surefire-test-report.xsd" name="pmsAutomation.MicroServicesTest" time="1.009" tests="1" errors="0" skipped="0" failures="0">
  <properties>
    <property name="sun.desktop" value="windows"/>
    <property name="awt.toolkit" value="sun.awt.windows.WToolkit"/>
    <property name="file.encoding.pkg" value="sun.io"/>
    <property name="java.specification.version" value="1.8"/>
    <property name="sun.cpu.isalist" value="amd64"/>
    <property name="sun.jnu.encoding" value="Cp1252"/>
    <property name="java.class.path" value="C:\Users\sergio.garcia\Downloads\automation\target\test-classes;C:\Users\sergio.garcia\Downloads\automation\target\classes;C:\Users\sergio.garcia\.m2\repository\io\grpc\grpc-netty\1.11.0\grpc-netty-1.11.0.jar;C:\Users\sergio.garcia\.m2\repository\io\grpc\grpc-core\1.11.0\grpc-core-1.11.0.jar;C:\Users\sergio.garcia\.m2\repository\io\grpc\grpc-context\1.11.0\grpc-context-1.11.0.jar;C:\Users\sergio.garcia\.m2\repository\com\google\code\gson\gson\2.7\gson-2.7.jar;C:\Users\sergio.garcia\.m2\repository\com\google\errorprone\error_prone_annotations\2.1.2\error_prone_annotations-2.1.2.jar;C:\Users\sergio.garcia\.m2\repository\com\google\code\findbugs\jsr305\3.0.0\jsr305-3.0.0.jar;C:\Users\sergio.garcia\.m2\repository\io\opencensus\opencensus-api\0.11.0\opencensus-api-0.11.0.jar;C:\Users\sergio.garcia\.m2\repository\io\opencensus\opencensus-contrib-grpc-metrics\0.11.0\opencensus-contrib-grpc-metrics-0.11.0.jar;C:\Users\sergio.garcia\.m2\repository\io\netty\netty-codec-http2\4.1.22.Final\netty-codec-http2-4.1.22.Final.jar;C:\Users\sergio.garcia\.m2\repository\io\netty\netty-codec-http\4.1.22.Final\netty-codec-http-4.1.22.Final.jar;C:\Users\sergio.garcia\.m2\repository\io\netty\netty-codec\4.1.22.Final\netty-codec-4.1.22.Final.jar;C:\Users\sergio.garcia\.m2\repository\io\netty\netty-handler\4.1.22.Final\netty-handler-4.1.22.Final.jar;C:\Users\sergio.garcia\.m2\repository\io\netty\netty-buffer\4.1.22.Final\netty-buffer-4.1.22.Final.jar;C:\Users\sergio.garcia\.m2\repository\io\netty\netty-common\4.1.22.Final\netty-common-4.1.22.Final.jar;C:\Users\sergio.garcia\.m2\repository\io\netty\netty-handler-proxy\4.1.22.Final\netty-handler-proxy-4.1.22.Final.jar;C:\Users\sergio.garcia\.m2\repository\io\netty\netty-transport\4.1.22.Final\netty-transport-4.1.22.Final.jar;C:\Users\sergio.garcia\.m2\repository\io\netty\netty-resolver\4.1.22.Final\netty-resolver-4.1.22.Final.jar;C:\Users\sergio.garcia\.m2\repository\io\netty\netty-codec-socks\4.1.22.Final\netty-codec-socks-4.1.22.Final.jar;C:\Users\sergio.garcia\.m2\repository\io\grpc\grpc-protobuf\1.11.0\grpc-protobuf-1.11.0.jar;C:\Users\sergio.garcia\.m2\repository\com\google\protobuf\protobuf-java\3.5.1\protobuf-java-3.5.1.jar;C:\Users\sergio.garcia\.m2\repository\com\google\guava\guava\20.0\guava-20.0.jar;C:\Users\sergio.garcia\.m2\repository\com\google\protobuf\protobuf-java-util\3.5.1\protobuf-java-util-3.5.1.jar;C:\Users\sergio.garcia\.m2\repository\com\google\api\grpc\proto-google-common-protos\1.0.0\proto-google-common-protos-1.0.0.jar;C:\Users\sergio.garcia\.m2\repository\io\grpc\grpc-protobuf-lite\1.11.0\grpc-protobuf-lite-1.11.0.jar;C:\Users\sergio.garcia\.m2\repository\io\grpc\grpc-stub\1.11.0\grpc-stub-1.11.0.jar;C:\Users\sergio.garcia\.m2\repository\org\apache\httpcomponents\httpclient\4.5.2\httpclient-4.5.2.jar;C:\Users\sergio.garcia\.m2\repository\org\apache\httpcomponents\httpcore\4.4.4\httpcore-4.4.4.jar;C:\Users\sergio.garcia\.m2\repository\commons-logging\commons-logging\1.2\commons-logging-1.2.jar;C:\Users\sergio.garcia\.m2\repository\commons-codec\commons-codec\1.9\commons-codec-1.9.jar;C:\Users\sergio.garcia\.m2\repository\axis\axis\1.4\axis-1.4.jar;C:\Users\sergio.garcia\.m2\repository\org\apache\axis\axis-saaj\1.4\axis-saaj-1.4.jar;C:\Users\sergio.garcia\.m2\repository\commons-discovery\commons-discovery\0.2\commons-discovery-0.2.jar;C:\Users\sergio.garcia\.m2\repository\org\apache\axis\axis-jaxrpc\1.4\axis-jaxrpc-1.4.jar;C:\Users\sergio.garcia\.m2\repository\axis\axis-wsdl4j\1.5.1\axis-wsdl4j-1.5.1.jar;C:\Users\sergio.garcia\.m2\repository\com\thoughtworks\xstream\xstream\1.4.9\xstream-1.4.9.jar;C:\Users\sergio.garcia\.m2\repository\xmlpull\xmlpull\1.1.3.1\xmlpull-1.1.3.1.jar;C:\Users\sergio.garcia\.m2\repository\xpp3\xpp3_min\1.1.4c\xpp3_min-1.1.4c.jar;C:\Users\sergio.garcia\.m2\repository\org\testng\testng\6.8\testng-6.8.jar;C:\Users\sergio.garcia\.m2\repository\junit\junit\4.10\junit-4.10.jar;C:\Users\sergio.garcia\.m2\repository\org\hamcrest\hamcrest-core\1.1\hamcrest-core-1.1.jar;C:\Users\sergio.garcia\.m2\repository\org\beanshell\bsh\2.0b4\bsh-2.0b4.jar;C:\Users\sergio.garcia\.m2\repository\com\beust\jcommander\1.27\jcommander-1.27.jar;C:\Users\sergio.garcia\.m2\repository\org\yaml\snakeyaml\1.6\snakeyaml-1.6.jar;C:\Users\sergio.garcia\.m2\repository\org\apache\maven\surefire\surefire-testng-utils\2.21.0\surefire-testng-utils-2.21.0.jar;C:\Users\sergio.garcia\.m2\repository\org\apache\maven\surefire\surefire-grouper\2.21.0\surefire-grouper-2.21.0.jar;"/>
    <property name="java.vm.vendor" value="Oracle Corporation"/>
    <property name="sun.arch.data.model" value="64"/>
    <property name="user.variant" value=""/>
    <property name="java.vendor.url" value="http://java.oracle.com/"/>
    <property name="user.timezone" value=""/>
    <property name="java.vm.specification.version" value="1.8"/>
    <property name="os.name" value="Windows 10"/>
    <property name="user.country" value="US"/>
    <property name="sun.java.launcher" value="SUN_STANDARD"/>
    <property name="sun.boot.library.path" value="C:\Program Files\Java\jdk1.8.0_161\jre\bin"/>
    <property name="sun.java.command" value="C:\Users\SERGIO~1.GAR\AppData\Local\Temp\surefire7838119103887262877\surefirebooter8315743576432442065.jar C:\Users\sergio.garcia\AppData\Local\Temp\surefire7838119103887262877 2018-04-09T12-10-29_358-jvmRun1 surefire6928887255917227158tmp surefire_05493326467349914542tmp"/>
    <property name="surefire.test.class.path" value="C:\Users\sergio.garcia\Downloads\automation\target\test-classes;C:\Users\sergio.garcia\Downloads\automation\target\classes;C:\Users\sergio.garcia\.m2\repository\io\grpc\grpc-netty\1.11.0\grpc-netty-1.11.0.jar;C:\Users\sergio.garcia\.m2\repository\io\grpc\grpc-core\1.11.0\grpc-core-1.11.0.jar;C:\Users\sergio.garcia\.m2\repository\io\grpc\grpc-context\1.11.0\grpc-context-1.11.0.jar;C:\Users\sergio.garcia\.m2\repository\com\google\code\gson\gson\2.7\gson-2.7.jar;C:\Users\sergio.garcia\.m2\repository\com\google\errorprone\error_prone_annotations\2.1.2\error_prone_annotations-2.1.2.jar;C:\Users\sergio.garcia\.m2\repository\com\google\code\findbugs\jsr305\3.0.0\jsr305-3.0.0.jar;C:\Users\sergio.garcia\.m2\repository\io\opencensus\opencensus-api\0.11.0\opencensus-api-0.11.0.jar;C:\Users\sergio.garcia\.m2\repository\io\opencensus\opencensus-contrib-grpc-metrics\0.11.0\opencensus-contrib-grpc-metrics-0.11.0.jar;C:\Users\sergio.garcia\.m2\repository\io\netty\netty-codec-http2\4.1.22.Final\netty-codec-http2-4.1.22.Final.jar;C:\Users\sergio.garcia\.m2\repository\io\netty\netty-codec-http\4.1.22.Final\netty-codec-http-4.1.22.Final.jar;C:\Users\sergio.garcia\.m2\repository\io\netty\netty-codec\4.1.22.Final\netty-codec-4.1.22.Final.jar;C:\Users\sergio.garcia\.m2\repository\io\netty\netty-handler\4.1.22.Final\netty-handler-4.1.22.Final.jar;C:\Users\sergio.garcia\.m2\repository\io\netty\netty-buffer\4.1.22.Final\netty-buffer-4.1.22.Final.jar;C:\Users\sergio.garcia\.m2\repository\io\netty\netty-common\4.1.22.Final\netty-common-4.1.22.Final.jar;C:\Users\sergio.garcia\.m2\repository\io\netty\netty-handler-proxy\4.1.22.Final\netty-handler-proxy-4.1.22.Final.jar;C:\Users\sergio.garcia\.m2\repository\io\netty\netty-transport\4.1.22.Final\netty-transport-4.1.22.Final.jar;C:\Users\sergio.garcia\.m2\repository\io\netty\netty-resolver\4.1.22.Final\netty-resolver-4.1.22.Final.jar;C:\Users\sergio.garcia\.m2\repository\io\netty\netty-codec-socks\4.1.22.Final\netty-codec-socks-4.1.22.Final.jar;C:\Users\sergio.garcia\.m2\repository\io\grpc\grpc-protobuf\1.11.0\grpc-protobuf-1.11.0.jar;C:\Users\sergio.garcia\.m2\repository\com\google\protobuf\protobuf-java\3.5.1\protobuf-java-3.5.1.jar;C:\Users\sergio.garcia\.m2\repository\com\google\guava\guava\20.0\guava-20.0.jar;C:\Users\sergio.garcia\.m2\repository\com\google\protobuf\protobuf-java-util\3.5.1\protobuf-java-util-3.5.1.jar;C:\Users\sergio.garcia\.m2\repository\com\google\api\grpc\proto-google-common-protos\1.0.0\proto-google-common-protos-1.0.0.jar;C:\Users\sergio.garcia\.m2\repository\io\grpc\grpc-protobuf-lite\1.11.0\grpc-protobuf-lite-1.11.0.jar;C:\Users\sergio.garcia\.m2\repository\io\grpc\grpc-stub\1.11.0\grpc-stub-1.11.0.jar;C:\Users\sergio.garcia\.m2\repository\org\apache\httpcomponents\httpclient\4.5.2\httpclient-4.5.2.jar;C:\Users\sergio.garcia\.m2\repository\org\apache\httpcomponents\httpcore\4.4.4\httpcore-4.4.4.jar;C:\Users\sergio.garcia\.m2\repository\commons-logging\commons-logging\1.2\commons-logging-1.2.jar;C:\Users\sergio.garcia\.m2\repository\commons-codec\commons-codec\1.9\commons-codec-1.9.jar;C:\Users\sergio.garcia\.m2\repository\axis\axis\1.4\axis-1.4.jar;C:\Users\sergio.garcia\.m2\repository\org\apache\axis\axis-saaj\1.4\axis-saaj-1.4.jar;C:\Users\sergio.garcia\.m2\repository\commons-discovery\commons-discovery\0.2\commons-discovery-0.2.jar;C:\Users\sergio.garcia\.m2\repository\org\apache\axis\axis-jaxrpc\1.4\axis-jaxrpc-1.4.jar;C:\Users\sergio.garcia\.m2\repository\axis\axis-wsdl4j\1.5.1\axis-wsdl4j-1.5.1.jar;C:\Users\sergio.garcia\.m2\repository\com\thoughtworks\xstream\xstream\1.4.9\xstream-1.4.9.jar;C:\Users\sergio.garcia\.m2\repository\xmlpull\xmlpull\1.1.3.1\xmlpull-1.1.3.1.jar;C:\Users\sergio.garcia\.m2\repository\xpp3\xpp3_min\1.1.4c\xpp3_min-1.1.4c.jar;C:\Users\sergio.garcia\.m2\repository\org\testng\testng\6.8\testng-6.8.jar;C:\Users\sergio.garcia\.m2\repository\junit\junit\4.10\junit-4.10.jar;C:\Users\sergio.garcia\.m2\repository\org\hamcrest\hamcrest-core\1.1\hamcrest-core-1.1.jar;C:\Users\sergio.garcia\.m2\repository\org\beanshell\bsh\2.0b4\bsh-2.0b4.jar;C:\Users\sergio.garcia\.m2\repository\com\beust\jcommander\1.27\jcommander-1.27.jar;C:\Users\sergio.garcia\.m2\repository\org\yaml\snakeyaml\1.6\snakeyaml-1.6.jar;C:\Users\sergio.garcia\.m2\repository\org\apache\maven\surefire\surefire-testng-utils\2.21.0\surefire-testng-utils-2.21.0.jar;C:\Users\sergio.garcia\.m2\repository\org\apache\maven\surefire\surefire-grouper\2.21.0\surefire-grouper-2.21.0.jar;"/>
    <property name="sun.cpu.endian" value="little"/>
    <property name="user.home" value="C:\Users\sergio.garcia"/>
    <property name="user.language" value="en"/>
    <property name="java.specification.vendor" value="Oracle Corporation"/>
    <property name="java.home" value="C:\Program Files\Java\jdk1.8.0_161\jre"/>
    <property name="basedir" value="C:\Users\sergio.garcia\Downloads\automation"/>
    <property name="file.separator" value="\"/>
    <property name="line.separator" value="&#10;"/>
    <property name="java.vm.specification.vendor" value="Oracle Corporation"/>
    <property name="java.specification.name" value="Java Platform API Specification"/>
    <property name="java.awt.graphicsenv" value="sun.awt.Win32GraphicsEnvironment"/>
    <property name="surefire.real.class.path" value="C:\Users\SERGIO~1.GAR\AppData\Local\Temp\surefire7838119103887262877\surefirebooter8315743576432442065.jar"/>
    <property name="sun.boot.class.path" value="C:\Program Files\Java\jdk1.8.0_161\jre\lib\resources.jar;C:\Program Files\Java\jdk1.8.0_161\jre\lib\rt.jar;C:\Program Files\Java\jdk1.8.0_161\jre\lib\sunrsasign.jar;C:\Program Files\Java\jdk1.8.0_161\jre\lib\jsse.jar;C:\Program Files\Java\jdk1.8.0_161\jre\lib\jce.jar;C:\Program Files\Java\jdk1.8.0_161\jre\lib\charsets.jar;C:\Program Files\Java\jdk1.8.0_161\jre\lib\jfr.jar;C:\Program Files\Java\jdk1.8.0_161\jre\classes"/>
    <property name="user.script" value=""/>
    <property name="sun.management.compiler" value="HotSpot 64-Bit Tiered Compilers"/>
    <property name="java.runtime.version" value="1.8.0_161-b12"/>
    <property name="user.name" value="sergio.garcia"/>
    <property name="path.separator" value=";"/>
    <property name="os.version" value="10.0"/>
    <property name="java.endorsed.dirs" value="C:\Program Files\Java\jdk1.8.0_161\jre\lib\endorsed"/>
    <property name="java.runtime.name" value="Java(TM) SE Runtime Environment"/>
    <property name="file.encoding" value="Cp1252"/>
    <property name="java.vm.name" value="Java HotSpot(TM) 64-Bit Server VM"/>
    <property name="localRepository" value="C:\Users\sergio.garcia\.m2\repository"/>
    <property name="java.vendor.url.bug" value="http://bugreport.sun.com/bugreport/"/>
    <property name="java.io.tmpdir" value="C:\Users\SERGIO~1.GAR\AppData\Local\Temp\"/>
    <property name="java.version" value="1.8.0_161"/>
    <property name="user.dir" value="C:\Users\sergio.garcia\Downloads\automation"/>
    <property name="os.arch" value="amd64"/>
    <property name="java.vm.specification.name" value="Java Virtual Machine Specification"/>
    <property name="java.awt.printerjob" value="sun.awt.windows.WPrinterJob"/>
    <property name="sun.os.patch.level" value=""/>
    <property name="java.library.path" value="C:\Program Files\Java\jdk1.8.0_161\jre\bin;C:\Windows\Sun\Java\bin;C:\Windows\system32;C:\Windows;C:\Program Files (x86)\Python36-32\Scripts\;C:\Program Files (x86)\Python36-32\;C:\ProgramData\Oracle\Java\javapath;C:\Windows\system32;C:\Windows;C:\Windows\System32\Wbem;C:\Windows\System32\WindowsPowerShell\v1.0\;C:\Program Files\TortoiseSVN\bin;C:\maven\bin;C:\Program Files\Git\cmd;C:\Program Files\Git\mingw64\bin;C:\Program Files\Git\usr\bin;C:\Users\sergio.garcia\AppData\Local\Microsoft\WindowsApps;C:\Users\sergio.garcia\AppData\Local\GitHubDesktop\bin;."/>
    <property name="java.vm.info" value="mixed mode"/>
    <property name="java.vendor" value="Oracle Corporation"/>
    <property name="java.vm.version" value="25.161-b12"/>
    <property name="java.ext.dirs" value="C:\Program Files\Java\jdk1.8.0_161\jre\lib\ext;C:\Windows\Sun\Java\lib\ext"/>
    <property name="sun.io.unicode.encoding" value="UnicodeLittle"/>
    <property name="java.class.version" value="52.0"/>
  </properties>
  <testcase name="greetingTest" classname="pmsAutomation.MicroServicesTest" time="0.265"/>
</testsuite>