<?xml version="1.0" encoding="UTF-8"?>
<!-- Generated by org.testng.reporters.JUnitReportReporter -->
<testsuite hostname="MX-IT01120" name="pmsAutomation.MicroServicesTest" tests="1" failures="0" timestamp="9 Apr 2018 17:10:31 GMT" time="0.267" errors="0">
  <testcase name="greetingTest" time="0.267" classname="pmsAutomation.MicroServicesTest"/>
</testsuite> <!-- pmsAutomation.MicroServicesTest -->
